<?xml version="1.0" encoding="UTF-8"?>
<testng-results ignored="0" total="1" passed="1" failed="0" skipped="0">
  <reporter-output>
  </reporter-output>
  <suite started-at="2021-10-27T22:26:04 IST" name="Default suite" finished-at="2021-10-27T22:27:09 IST" duration-ms="65048">
    <groups>
    </groups>
    <test started-at="2021-10-27T22:26:04 IST" name="Default test" finished-at="2021-10-27T22:27:09 IST" duration-ms="65048">
      <class name="TestCases.Main_Test_Page">
        <test-method signature="christes_main_method()[pri:0, instance:TestCases.Main_Test_Page@1b919693]" started-at="2021-10-27T22:26:04 IST" name="christes_main_method" finished-at="2021-10-27T22:27:09 IST" duration-ms="64406" status="PASS">
          <reporter-output>
          </reporter-output>
        </test-method> <!-- christes_main_method -->
        <test-method is-config="true" signature="flushReports()[pri:0, instance:TestCases.Main_Test_Page@1b919693]" started-at="2021-10-27T22:27:09 IST" name="flushReports" finished-at="2021-10-27T22:27:09 IST" duration-ms="592" status="PASS">
          <reporter-output>
          </reporter-output>
        </test-method> <!-- flushReports -->
      </class> <!-- TestCases.Main_Test_Page -->
    </test> <!-- Default test -->
  </suite> <!-- Default suite -->
</testng-results>
